Config file config.json is extended by additional config specified via the command line.
Building DAG of jobs...
Provided cores: 6
Rules claiming more threads will be scaled down.
Job stats:
job      count    min threads    max threads
-----  -------  -------------  -------------
CellX       83              1              1
all          1              1              1
total       84              1              1

Select jobs to execute...

[Sat May 20 18:30:43 2023]
rule CellX:
    input: C:/Users/pcnba/OneDrive/Desktop/Test/run_files/Param_01_Sep_21.xml, C:/Users/pcnba/OneDrive/Desktop/Test/run_files/file_series.xml
    output: C:/Users/pcnba/Grant Brown's Lab Dropbox/Peter Bartlett/Peter Bartlett Data/Testing_shift_fix/d0214r1p010200/GFP_mKO_mKa/cells_00068.mat, C:/Users/pcnba/Grant Brown's Lab Dropbox/Peter Bartlett/Peter Bartlett Data/Testing_shift_fix/d0214r1p010200/GFP_mKO_mKa/cells_00068.txt, C:/Users/pcnba/Grant Brown's Lab Dropbox/Peter Bartlett/Peter Bartlett Data/Testing_shift_fix/d0214r1p010200/GFP_mKO_mKa/control_00068.png, C:/Users/pcnba/Grant Brown's Lab Dropbox/Peter Bartlett/Peter Bartlett Data/Testing_shift_fix/d0214r1p010200/GFP_mKO_mKa/mask_00068.mat, C:/Users/pcnba/Grant Brown's Lab Dropbox/Peter Bartlett/Peter Bartlett Data/Testing_shift_fix/d0214r1p010200/GFP_mKO_mKa/seeding_00068.png
    jobid: 68
    reason: Missing output files: C:/Users/pcnba/Grant Brown's Lab Dropbox/Peter Bartlett/Peter Bartlett Data/Testing_shift_fix/d0214r1p010200/GFP_mKO_mKa/cells_00068.txt, C:/Users/pcnba/Grant Brown's Lab Dropbox/Peter Bartlett/Peter Bartlett Data/Testing_shift_fix/d0214r1p010200/GFP_mKO_mKa/mask_00068.mat, C:/Users/pcnba/Grant Brown's Lab Dropbox/Peter Bartlett/Peter Bartlett Data/Testing_shift_fix/d0214r1p010200/GFP_mKO_mKa/cells_00068.mat, C:/Users/pcnba/Grant Brown's Lab Dropbox/Peter Bartlett/Peter Bartlett Data/Testing_shift_fix/d0214r1p010200/GFP_mKO_mKa/control_00068.png, C:/Users/pcnba/Grant Brown's Lab Dropbox/Peter Bartlett/Peter Bartlett Data/Testing_shift_fix/d0214r1p010200/GFP_mKO_mKa/seeding_00068.png
    wildcards: folder=C:/Users/pcnba/Grant Brown's Lab Dropbox/Peter Bartlett/Peter Bartlett Data/Testing_shift_fix/d0214r1p010200/GFP_mKO_mKa, padded_sj=00068
    resources: tmpdir=C:\Users\pcnba\AppData\Local\Temp

Failed to set marker file for job started ([WinError 3] The system cannot find the path specified: "C:\\Users\\pcnba\\Grant Brown's Lab Dropbox\\Peter Bartlett\\Peter Bartlett Data\\Code\\single_cell_reloc\\snakemake_files\\.snakemake\\incomplete\\tmpg9slkqhu.QzovVXNl" -> "C:\\Users\\pcnba\\Grant Brown's Lab Dropbox\\Peter Bartlett\\Peter Bartlett Data\\Code\\single_cell_reloc\\snakemake_files\\.snakemake\\incomplete\\QzovVXNlcnMvcGNuYmEvR3JhbnQgQnJvd24ncyBMYWIgRHJvcGJveC9QZXRlciBCYXJ0bGV0dC9QZXRlciBCYXJ0bGV0dCBEYXRhL1Rlc3Rpbmdfc2hpZnRfZml4L2QwMjE0cjFwMDEwMjAwL0dGUF9tS09fbUthL2NlbGxzXzAwMDY4Lm1hdA=="). Snakemake will work, but cannot ensure that output files are complete in case of a kill signal or power loss. Please ensure write permissions for the directory C:\Users\pcnba\Grant Brown's Lab Dropbox\Peter Bartlett\Peter Bartlett Data\Code\single_cell_reloc\snakemake_files\.snakemake

[Sat May 20 18:30:43 2023]
rule CellX:
    input: C:/Users/pcnba/OneDrive/Desktop/Test/run_files/Param_01_Sep_21.xml, C:/Users/pcnba/OneDrive/Desktop/Test/run_files/file_series.xml
    output: C:/Users/pcnba/Grant Brown's Lab Dropbox/Peter Bartlett/Peter Bartlett Data/Testing_shift_fix/d0214r1p010200/GFP_mKO_mKa/cells_00082.mat, C:/Users/pcnba/Grant Brown's Lab Dropbox/Peter Bartlett/Peter Bartlett Data/Testing_shift_fix/d0214r1p010200/GFP_mKO_mKa/cells_00082.txt, C:/Users/pcnba/Grant Brown's Lab Dropbox/Peter Bartlett/Peter Bartlett Data/Testing_shift_fix/d0214r1p010200/GFP_mKO_mKa/control_00082.png, C:/Users/pcnba/Grant Brown's Lab Dropbox/Peter Bartlett/Peter Bartlett Data/Testing_shift_fix/d0214r1p010200/GFP_mKO_mKa/mask_00082.mat, C:/Users/pcnba/Grant Brown's Lab Dropbox/Peter Bartlett/Peter Bartlett Data/Testing_shift_fix/d0214r1p010200/GFP_mKO_mKa/seeding_00082.png
    jobid: 82
    reason: Missing output files: C:/Users/pcnba/Grant Brown's Lab Dropbox/Peter Bartlett/Peter Bartlett Data/Testing_shift_fix/d0214r1p010200/GFP_mKO_mKa/seeding_00082.png, C:/Users/pcnba/Grant Brown's Lab Dropbox/Peter Bartlett/Peter Bartlett Data/Testing_shift_fix/d0214r1p010200/GFP_mKO_mKa/control_00082.png, C:/Users/pcnba/Grant Brown's Lab Dropbox/Peter Bartlett/Peter Bartlett Data/Testing_shift_fix/d0214r1p010200/GFP_mKO_mKa/cells_00082.txt, C:/Users/pcnba/Grant Brown's Lab Dropbox/Peter Bartlett/Peter Bartlett Data/Testing_shift_fix/d0214r1p010200/GFP_mKO_mKa/mask_00082.mat, C:/Users/pcnba/Grant Brown's Lab Dropbox/Peter Bartlett/Peter Bartlett Data/Testing_shift_fix/d0214r1p010200/GFP_mKO_mKa/cells_00082.mat
    wildcards: folder=C:/Users/pcnba/Grant Brown's Lab Dropbox/Peter Bartlett/Peter Bartlett Data/Testing_shift_fix/d0214r1p010200/GFP_mKO_mKa, padded_sj=00082
    resources: tmpdir=C:\Users\pcnba\AppData\Local\Temp

Failed to set marker file for job started ([WinError 3] The system cannot find the path specified: "C:\\Users\\pcnba\\Grant Brown's Lab Dropbox\\Peter Bartlett\\Peter Bartlett Data\\Code\\single_cell_reloc\\snakemake_files\\.snakemake\\incomplete\\tmptl5hc8mz.QzovVXNl" -> "C:\\Users\\pcnba\\Grant Brown's Lab Dropbox\\Peter Bartlett\\Peter Bartlett Data\\Code\\single_cell_reloc\\snakemake_files\\.snakemake\\incomplete\\QzovVXNlcnMvcGNuYmEvR3JhbnQgQnJvd24ncyBMYWIgRHJvcGJveC9QZXRlciBCYXJ0bGV0dC9QZXRlciBCYXJ0bGV0dCBEYXRhL1Rlc3Rpbmdfc2hpZnRfZml4L2QwMjE0cjFwMDEwMjAwL0dGUF9tS09fbUthL2NlbGxzXzAwMDgyLm1hdA=="). Snakemake will work, but cannot ensure that output files are complete in case of a kill signal or power loss. Please ensure write permissions for the directory C:\Users\pcnba\Grant Brown's Lab Dropbox\Peter Bartlett\Peter Bartlett Data\Code\single_cell_reloc\snakemake_files\.snakemake

[Sat May 20 18:30:43 2023]
rule CellX:
    input: C:/Users/pcnba/OneDrive/Desktop/Test/run_files/Param_01_Sep_21.xml, C:/Users/pcnba/OneDrive/Desktop/Test/run_files/file_series.xml
    output: C:/Users/pcnba/Grant Brown's Lab Dropbox/Peter Bartlett/Peter Bartlett Data/Testing_shift_fix/d0214r1p010200/GFP_mKO_mKa/cells_00040.mat, C:/Users/pcnba/Grant Brown's Lab Dropbox/Peter Bartlett/Peter Bartlett Data/Testing_shift_fix/d0214r1p010200/GFP_mKO_mKa/cells_00040.txt, C:/Users/pcnba/Grant Brown's Lab Dropbox/Peter Bartlett/Peter Bartlett Data/Testing_shift_fix/d0214r1p010200/GFP_mKO_mKa/control_00040.png, C:/Users/pcnba/Grant Brown's Lab Dropbox/Peter Bartlett/Peter Bartlett Data/Testing_shift_fix/d0214r1p010200/GFP_mKO_mKa/mask_00040.mat, C:/Users/pcnba/Grant Brown's Lab Dropbox/Peter Bartlett/Peter Bartlett Data/Testing_shift_fix/d0214r1p010200/GFP_mKO_mKa/seeding_00040.png
    jobid: 40
    reason: Missing output files: C:/Users/pcnba/Grant Brown's Lab Dropbox/Peter Bartlett/Peter Bartlett Data/Testing_shift_fix/d0214r1p010200/GFP_mKO_mKa/cells_00040.txt, C:/Users/pcnba/Grant Brown's Lab Dropbox/Peter Bartlett/Peter Bartlett Data/Testing_shift_fix/d0214r1p010200/GFP_mKO_mKa/mask_00040.mat, C:/Users/pcnba/Grant Brown's Lab Dropbox/Peter Bartlett/Peter Bartlett Data/Testing_shift_fix/d0214r1p010200/GFP_mKO_mKa/seeding_00040.png, C:/Users/pcnba/Grant Brown's Lab Dropbox/Peter Bartlett/Peter Bartlett Data/Testing_shift_fix/d0214r1p010200/GFP_mKO_mKa/control_00040.png, C:/Users/pcnba/Grant Brown's Lab Dropbox/Peter Bartlett/Peter Bartlett Data/Testing_shift_fix/d0214r1p010200/GFP_mKO_mKa/cells_00040.mat
    wildcards: folder=C:/Users/pcnba/Grant Brown's Lab Dropbox/Peter Bartlett/Peter Bartlett Data/Testing_shift_fix/d0214r1p010200/GFP_mKO_mKa, padded_sj=00040
    resources: tmpdir=C:\Users\pcnba\AppData\Local\Temp

Failed to set marker file for job started ([WinError 3] The system cannot find the path specified: "C:\\Users\\pcnba\\Grant Brown's Lab Dropbox\\Peter Bartlett\\Peter Bartlett Data\\Code\\single_cell_reloc\\snakemake_files\\.snakemake\\incomplete\\tmp9tt30fg_.QzovVXNl" -> "C:\\Users\\pcnba\\Grant Brown's Lab Dropbox\\Peter Bartlett\\Peter Bartlett Data\\Code\\single_cell_reloc\\snakemake_files\\.snakemake\\incomplete\\QzovVXNlcnMvcGNuYmEvR3JhbnQgQnJvd24ncyBMYWIgRHJvcGJveC9QZXRlciBCYXJ0bGV0dC9QZXRlciBCYXJ0bGV0dCBEYXRhL1Rlc3Rpbmdfc2hpZnRfZml4L2QwMjE0cjFwMDEwMjAwL0dGUF9tS09fbUthL2NlbGxzXzAwMDQwLm1hdA=="). Snakemake will work, but cannot ensure that output files are complete in case of a kill signal or power loss. Please ensure write permissions for the directory C:\Users\pcnba\Grant Brown's Lab Dropbox\Peter Bartlett\Peter Bartlett Data\Code\single_cell_reloc\snakemake_files\.snakemake

[Sat May 20 18:30:43 2023]
rule CellX:
    input: C:/Users/pcnba/OneDrive/Desktop/Test/run_files/Param_01_Sep_21.xml, C:/Users/pcnba/OneDrive/Desktop/Test/run_files/file_series.xml
    output: C:/Users/pcnba/Grant Brown's Lab Dropbox/Peter Bartlett/Peter Bartlett Data/Testing_shift_fix/d0214r1p010200/GFP_mKO_mKa/cells_00026.mat, C:/Users/pcnba/Grant Brown's Lab Dropbox/Peter Bartlett/Peter Bartlett Data/Testing_shift_fix/d0214r1p010200/GFP_mKO_mKa/cells_00026.txt, C:/Users/pcnba/Grant Brown's Lab Dropbox/Peter Bartlett/Peter Bartlett Data/Testing_shift_fix/d0214r1p010200/GFP_mKO_mKa/control_00026.png, C:/Users/pcnba/Grant Brown's Lab Dropbox/Peter Bartlett/Peter Bartlett Data/Testing_shift_fix/d0214r1p010200/GFP_mKO_mKa/mask_00026.mat, C:/Users/pcnba/Grant Brown's Lab Dropbox/Peter Bartlett/Peter Bartlett Data/Testing_shift_fix/d0214r1p010200/GFP_mKO_mKa/seeding_00026.png
    jobid: 26
    reason: Missing output files: C:/Users/pcnba/Grant Brown's Lab Dropbox/Peter Bartlett/Peter Bartlett Data/Testing_shift_fix/d0214r1p010200/GFP_mKO_mKa/control_00026.png, C:/Users/pcnba/Grant Brown's Lab Dropbox/Peter Bartlett/Peter Bartlett Data/Testing_shift_fix/d0214r1p010200/GFP_mKO_mKa/seeding_00026.png, C:/Users/pcnba/Grant Brown's Lab Dropbox/Peter Bartlett/Peter Bartlett Data/Testing_shift_fix/d0214r1p010200/GFP_mKO_mKa/mask_00026.mat, C:/Users/pcnba/Grant Brown's Lab Dropbox/Peter Bartlett/Peter Bartlett Data/Testing_shift_fix/d0214r1p010200/GFP_mKO_mKa/cells_00026.mat, C:/Users/pcnba/Grant Brown's Lab Dropbox/Peter Bartlett/Peter Bartlett Data/Testing_shift_fix/d0214r1p010200/GFP_mKO_mKa/cells_00026.txt
    wildcards: folder=C:/Users/pcnba/Grant Brown's Lab Dropbox/Peter Bartlett/Peter Bartlett Data/Testing_shift_fix/d0214r1p010200/GFP_mKO_mKa, padded_sj=00026
    resources: tmpdir=C:\Users\pcnba\AppData\Local\Temp

Failed to set marker file for job started ([WinError 3] The system cannot find the path specified: "C:\\Users\\pcnba\\Grant Brown's Lab Dropbox\\Peter Bartlett\\Peter Bartlett Data\\Code\\single_cell_reloc\\snakemake_files\\.snakemake\\incomplete\\tmpwbt3js4_.QzovVXNl" -> "C:\\Users\\pcnba\\Grant Brown's Lab Dropbox\\Peter Bartlett\\Peter Bartlett Data\\Code\\single_cell_reloc\\snakemake_files\\.snakemake\\incomplete\\QzovVXNlcnMvcGNuYmEvR3JhbnQgQnJvd24ncyBMYWIgRHJvcGJveC9QZXRlciBCYXJ0bGV0dC9QZXRlciBCYXJ0bGV0dCBEYXRhL1Rlc3Rpbmdfc2hpZnRfZml4L2QwMjE0cjFwMDEwMjAwL0dGUF9tS09fbUthL2NlbGxzXzAwMDI2Lm1hdA=="). Snakemake will work, but cannot ensure that output files are complete in case of a kill signal or power loss. Please ensure write permissions for the directory C:\Users\pcnba\Grant Brown's Lab Dropbox\Peter Bartlett\Peter Bartlett Data\Code\single_cell_reloc\snakemake_files\.snakemake

[Sat May 20 18:30:43 2023]
rule CellX:
    input: C:/Users/pcnba/OneDrive/Desktop/Test/run_files/Param_01_Sep_21.xml, C:/Users/pcnba/OneDrive/Desktop/Test/run_files/file_series.xml
    output: C:/Users/pcnba/Grant Brown's Lab Dropbox/Peter Bartlett/Peter Bartlett Data/Testing_shift_fix/d0214r1p010200/GFP_mKO_mKa/cells_00027.mat, C:/Users/pcnba/Grant Brown's Lab Dropbox/Peter Bartlett/Peter Bartlett Data/Testing_shift_fix/d0214r1p010200/GFP_mKO_mKa/cells_00027.txt, C:/Users/pcnba/Grant Brown's Lab Dropbox/Peter Bartlett/Peter Bartlett Data/Testing_shift_fix/d0214r1p010200/GFP_mKO_mKa/control_00027.png, C:/Users/pcnba/Grant Brown's Lab Dropbox/Peter Bartlett/Peter Bartlett Data/Testing_shift_fix/d0214r1p010200/GFP_mKO_mKa/mask_00027.mat, C:/Users/pcnba/Grant Brown's Lab Dropbox/Peter Bartlett/Peter Bartlett Data/Testing_shift_fix/d0214r1p010200/GFP_mKO_mKa/seeding_00027.png
    jobid: 27
    reason: Missing output files: C:/Users/pcnba/Grant Brown's Lab Dropbox/Peter Bartlett/Peter Bartlett Data/Testing_shift_fix/d0214r1p010200/GFP_mKO_mKa/cells_00027.mat, C:/Users/pcnba/Grant Brown's Lab Dropbox/Peter Bartlett/Peter Bartlett Data/Testing_shift_fix/d0214r1p010200/GFP_mKO_mKa/control_00027.png, C:/Users/pcnba/Grant Brown's Lab Dropbox/Peter Bartlett/Peter Bartlett Data/Testing_shift_fix/d0214r1p010200/GFP_mKO_mKa/mask_00027.mat, C:/Users/pcnba/Grant Brown's Lab Dropbox/Peter Bartlett/Peter Bartlett Data/Testing_shift_fix/d0214r1p010200/GFP_mKO_mKa/seeding_00027.png, C:/Users/pcnba/Grant Brown's Lab Dropbox/Peter Bartlett/Peter Bartlett Data/Testing_shift_fix/d0214r1p010200/GFP_mKO_mKa/cells_00027.txt
    wildcards: folder=C:/Users/pcnba/Grant Brown's Lab Dropbox/Peter Bartlett/Peter Bartlett Data/Testing_shift_fix/d0214r1p010200/GFP_mKO_mKa, padded_sj=00027
    resources: tmpdir=C:\Users\pcnba\AppData\Local\Temp

Failed to set marker file for job started ([WinError 3] The system cannot find the path specified: "C:\\Users\\pcnba\\Grant Brown's Lab Dropbox\\Peter Bartlett\\Peter Bartlett Data\\Code\\single_cell_reloc\\snakemake_files\\.snakemake\\incomplete\\tmpsdqox8y1.QzovVXNl" -> "C:\\Users\\pcnba\\Grant Brown's Lab Dropbox\\Peter Bartlett\\Peter Bartlett Data\\Code\\single_cell_reloc\\snakemake_files\\.snakemake\\incomplete\\QzovVXNlcnMvcGNuYmEvR3JhbnQgQnJvd24ncyBMYWIgRHJvcGJveC9QZXRlciBCYXJ0bGV0dC9QZXRlciBCYXJ0bGV0dCBEYXRhL1Rlc3Rpbmdfc2hpZnRfZml4L2QwMjE0cjFwMDEwMjAwL0dGUF9tS09fbUthL2NlbGxzXzAwMDI3Lm1hdA=="). Snakemake will work, but cannot ensure that output files are complete in case of a kill signal or power loss. Please ensure write permissions for the directory C:\Users\pcnba\Grant Brown's Lab Dropbox\Peter Bartlett\Peter Bartlett Data\Code\single_cell_reloc\snakemake_files\.snakemake

[Sat May 20 18:30:43 2023]
rule CellX:
    input: C:/Users/pcnba/OneDrive/Desktop/Test/run_files/Param_01_Sep_21.xml, C:/Users/pcnba/OneDrive/Desktop/Test/run_files/file_series.xml
    output: C:/Users/pcnba/Grant Brown's Lab Dropbox/Peter Bartlett/Peter Bartlett Data/Testing_shift_fix/d0214r1p010200/GFP_mKO_mKa/cells_00041.mat, C:/Users/pcnba/Grant Brown's Lab Dropbox/Peter Bartlett/Peter Bartlett Data/Testing_shift_fix/d0214r1p010200/GFP_mKO_mKa/cells_00041.txt, C:/Users/pcnba/Grant Brown's Lab Dropbox/Peter Bartlett/Peter Bartlett Data/Testing_shift_fix/d0214r1p010200/GFP_mKO_mKa/control_00041.png, C:/Users/pcnba/Grant Brown's Lab Dropbox/Peter Bartlett/Peter Bartlett Data/Testing_shift_fix/d0214r1p010200/GFP_mKO_mKa/mask_00041.mat, C:/Users/pcnba/Grant Brown's Lab Dropbox/Peter Bartlett/Peter Bartlett Data/Testing_shift_fix/d0214r1p010200/GFP_mKO_mKa/seeding_00041.png
    jobid: 41
    reason: Missing output files: C:/Users/pcnba/Grant Brown's Lab Dropbox/Peter Bartlett/Peter Bartlett Data/Testing_shift_fix/d0214r1p010200/GFP_mKO_mKa/control_00041.png, C:/Users/pcnba/Grant Brown's Lab Dropbox/Peter Bartlett/Peter Bartlett Data/Testing_shift_fix/d0214r1p010200/GFP_mKO_mKa/seeding_00041.png, C:/Users/pcnba/Grant Brown's Lab Dropbox/Peter Bartlett/Peter Bartlett Data/Testing_shift_fix/d0214r1p010200/GFP_mKO_mKa/mask_00041.mat, C:/Users/pcnba/Grant Brown's Lab Dropbox/Peter Bartlett/Peter Bartlett Data/Testing_shift_fix/d0214r1p010200/GFP_mKO_mKa/cells_00041.mat, C:/Users/pcnba/Grant Brown's Lab Dropbox/Peter Bartlett/Peter Bartlett Data/Testing_shift_fix/d0214r1p010200/GFP_mKO_mKa/cells_00041.txt
    wildcards: folder=C:/Users/pcnba/Grant Brown's Lab Dropbox/Peter Bartlett/Peter Bartlett Data/Testing_shift_fix/d0214r1p010200/GFP_mKO_mKa, padded_sj=00041
    resources: tmpdir=C:\Users\pcnba\AppData\Local\Temp

Failed to set marker file for job started ([WinError 3] The system cannot find the path specified: "C:\\Users\\pcnba\\Grant Brown's Lab Dropbox\\Peter Bartlett\\Peter Bartlett Data\\Code\\single_cell_reloc\\snakemake_files\\.snakemake\\incomplete\\tmp49wxqug_.QzovVXNl" -> "C:\\Users\\pcnba\\Grant Brown's Lab Dropbox\\Peter Bartlett\\Peter Bartlett Data\\Code\\single_cell_reloc\\snakemake_files\\.snakemake\\incomplete\\QzovVXNlcnMvcGNuYmEvR3JhbnQgQnJvd24ncyBMYWIgRHJvcGJveC9QZXRlciBCYXJ0bGV0dC9QZXRlciBCYXJ0bGV0dCBEYXRhL1Rlc3Rpbmdfc2hpZnRfZml4L2QwMjE0cjFwMDEwMjAwL0dGUF9tS09fbUthL2NlbGxzXzAwMDQxLm1hdA=="). Snakemake will work, but cannot ensure that output files are complete in case of a kill signal or power loss. Please ensure write permissions for the directory C:\Users\pcnba\Grant Brown's Lab Dropbox\Peter Bartlett\Peter Bartlett Data\Code\single_cell_reloc\snakemake_files\.snakemake
[Sat May 20 18:31:13 2023]
[Sat May 20 18:31:13 2023]
[Sat May 20 18:31:13 2023]
Error in rule CellX:
    jobid: 26
    input: C:/Users/pcnba/OneDrive/Desktop/Test/run_files/Param_01_Sep_21.xml, C:/Users/pcnba/OneDrive/Desktop/Test/run_files/file_series.xml
    output: C:/Users/pcnba/Grant Brown's Lab Dropbox/Peter Bartlett/Peter Bartlett Data/Testing_shift_fix/d0214r1p010200/GFP_mKO_mKa/cells_00026.mat, C:/Users/pcnba/Grant Brown's Lab Dropbox/Peter Bartlett/Peter Bartlett Data/Testing_shift_fix/d0214r1p010200/GFP_mKO_mKa/cells_00026.txt, C:/Users/pcnba/Grant Brown's Lab Dropbox/Peter Bartlett/Peter Bartlett Data/Testing_shift_fix/d0214r1p010200/GFP_mKO_mKa/control_00026.png, C:/Users/pcnba/Grant Brown's Lab Dropbox/Peter Bartlett/Peter Bartlett Data/Testing_shift_fix/d0214r1p010200/GFP_mKO_mKa/mask_00026.mat, C:/Users/pcnba/Grant Brown's Lab Dropbox/Peter Bartlett/Peter Bartlett Data/Testing_shift_fix/d0214r1p010200/GFP_mKO_mKa/seeding_00026.png

Error in rule CellX:
    jobid: 68
    input: C:/Users/pcnba/OneDrive/Desktop/Test/run_files/Param_01_Sep_21.xml, C:/Users/pcnba/OneDrive/Desktop/Test/run_files/file_series.xml
    output: C:/Users/pcnba/Grant Brown's Lab Dropbox/Peter Bartlett/Peter Bartlett Data/Testing_shift_fix/d0214r1p010200/GFP_mKO_mKa/cells_00068.mat, C:/Users/pcnba/Grant Brown's Lab Dropbox/Peter Bartlett/Peter Bartlett Data/Testing_shift_fix/d0214r1p010200/GFP_mKO_mKa/cells_00068.txt, C:/Users/pcnba/Grant Brown's Lab Dropbox/Peter Bartlett/Peter Bartlett Data/Testing_shift_fix/d0214r1p010200/GFP_mKO_mKa/control_00068.png, C:/Users/pcnba/Grant Brown's Lab Dropbox/Peter Bartlett/Peter Bartlett Data/Testing_shift_fix/d0214r1p010200/GFP_mKO_mKa/mask_00068.mat, C:/Users/pcnba/Grant Brown's Lab Dropbox/Peter Bartlett/Peter Bartlett Data/Testing_shift_fix/d0214r1p010200/GFP_mKO_mKa/seeding_00068.png

Error in rule CellX:
    jobid: 41
    input: C:/Users/pcnba/OneDrive/Desktop/Test/run_files/Param_01_Sep_21.xml, C:/Users/pcnba/OneDrive/Desktop/Test/run_files/file_series.xml
    output: C:/Users/pcnba/Grant Brown's Lab Dropbox/Peter Bartlett/Peter Bartlett Data/Testing_shift_fix/d0214r1p010200/GFP_mKO_mKa/cells_00041.mat, C:/Users/pcnba/Grant Brown's Lab Dropbox/Peter Bartlett/Peter Bartlett Data/Testing_shift_fix/d0214r1p010200/GFP_mKO_mKa/cells_00041.txt, C:/Users/pcnba/Grant Brown's Lab Dropbox/Peter Bartlett/Peter Bartlett Data/Testing_shift_fix/d0214r1p010200/GFP_mKO_mKa/control_00041.png, C:/Users/pcnba/Grant Brown's Lab Dropbox/Peter Bartlett/Peter Bartlett Data/Testing_shift_fix/d0214r1p010200/GFP_mKO_mKa/mask_00041.mat, C:/Users/pcnba/Grant Brown's Lab Dropbox/Peter Bartlett/Peter Bartlett Data/Testing_shift_fix/d0214r1p010200/GFP_mKO_mKa/seeding_00041.png

[Sat May 20 18:31:13 2023]
Error in rule CellX:
    jobid: 40
    input: C:/Users/pcnba/OneDrive/Desktop/Test/run_files/Param_01_Sep_21.xml, C:/Users/pcnba/OneDrive/Desktop/Test/run_files/file_series.xml
    output: C:/Users/pcnba/Grant Brown's Lab Dropbox/Peter Bartlett/Peter Bartlett Data/Testing_shift_fix/d0214r1p010200/GFP_mKO_mKa/cells_00040.mat, C:/Users/pcnba/Grant Brown's Lab Dropbox/Peter Bartlett/Peter Bartlett Data/Testing_shift_fix/d0214r1p010200/GFP_mKO_mKa/cells_00040.txt, C:/Users/pcnba/Grant Brown's Lab Dropbox/Peter Bartlett/Peter Bartlett Data/Testing_shift_fix/d0214r1p010200/GFP_mKO_mKa/control_00040.png, C:/Users/pcnba/Grant Brown's Lab Dropbox/Peter Bartlett/Peter Bartlett Data/Testing_shift_fix/d0214r1p010200/GFP_mKO_mKa/mask_00040.mat, C:/Users/pcnba/Grant Brown's Lab Dropbox/Peter Bartlett/Peter Bartlett Data/Testing_shift_fix/d0214r1p010200/GFP_mKO_mKa/seeding_00040.png

RuleException:
CalledProcessError in file C:\Users\pcnba\Grant Brown's Lab Dropbox\Peter Bartlett\Peter Bartlett Data\Code\single_cell_reloc\snakemake_files\Snakefile, line 51:
Command 'cd C:\Users\pcnba\OneDrive\Desktop\Test\CellX_Win_g2_12_c2.12\CellX_c2.12 && C:\Users\pcnba\OneDrive\Desktop\Test\CellX_Win_g2_12_c2.12\CellX_c2.12\batchCellXWin.exe  C:/Users/pcnba/OneDrive/Desktop/Test/run_files/Param_01_Sep_21.xml -m series -s C:/Users/pcnba/OneDrive/Desktop/Test/run_files/file_series.xml -si 1 -sj 68' returned non-zero exit status 3221225786.
  File "C:\Users\pcnba\Grant Brown's Lab Dropbox\Peter Bartlett\Peter Bartlett Data\Code\single_cell_reloc\snakemake_files\Snakefile", line 51, in __rule_CellX
  File "C:\Users\pcnba\mambaforge\envs\pycellxworkflow\lib\concurrent\futures\thread.py", line 57, in run
[Sat May 20 18:31:13 2023]
RuleException:
CalledProcessError in file C:\Users\pcnba\Grant Brown's Lab Dropbox\Peter Bartlett\Peter Bartlett Data\Code\single_cell_reloc\snakemake_files\Snakefile, line 51:
Command 'cd C:\Users\pcnba\OneDrive\Desktop\Test\CellX_Win_g2_12_c2.12\CellX_c2.12 && C:\Users\pcnba\OneDrive\Desktop\Test\CellX_Win_g2_12_c2.12\CellX_c2.12\batchCellXWin.exe  C:/Users/pcnba/OneDrive/Desktop/Test/run_files/Param_01_Sep_21.xml -m series -s C:/Users/pcnba/OneDrive/Desktop/Test/run_files/file_series.xml -si 1 -sj 26' returned non-zero exit status 3221225786.
  File "C:\Users\pcnba\Grant Brown's Lab Dropbox\Peter Bartlett\Peter Bartlett Data\Code\single_cell_reloc\snakemake_files\Snakefile", line 51, in __rule_CellX
  File "C:\Users\pcnba\mambaforge\envs\pycellxworkflow\lib\concurrent\futures\thread.py", line 57, in run
RuleException:
CalledProcessError in file C:\Users\pcnba\Grant Brown's Lab Dropbox\Peter Bartlett\Peter Bartlett Data\Code\single_cell_reloc\snakemake_files\Snakefile, line 51:
Command 'cd C:\Users\pcnba\OneDrive\Desktop\Test\CellX_Win_g2_12_c2.12\CellX_c2.12 && C:\Users\pcnba\OneDrive\Desktop\Test\CellX_Win_g2_12_c2.12\CellX_c2.12\batchCellXWin.exe  C:/Users/pcnba/OneDrive/Desktop/Test/run_files/Param_01_Sep_21.xml -m series -s C:/Users/pcnba/OneDrive/Desktop/Test/run_files/file_series.xml -si 1 -sj 41' returned non-zero exit status 3221225786.
  File "C:\Users\pcnba\Grant Brown's Lab Dropbox\Peter Bartlett\Peter Bartlett Data\Code\single_cell_reloc\snakemake_files\Snakefile", line 51, in __rule_CellX
  File "C:\Users\pcnba\mambaforge\envs\pycellxworkflow\lib\concurrent\futures\thread.py", line 57, in run
Terminating processes on user request, this might take some time.
Error in rule CellX:
    jobid: 82
    input: C:/Users/pcnba/OneDrive/Desktop/Test/run_files/Param_01_Sep_21.xml, C:/Users/pcnba/OneDrive/Desktop/Test/run_files/file_series.xml
    output: C:/Users/pcnba/Grant Brown's Lab Dropbox/Peter Bartlett/Peter Bartlett Data/Testing_shift_fix/d0214r1p010200/GFP_mKO_mKa/cells_00082.mat, C:/Users/pcnba/Grant Brown's Lab Dropbox/Peter Bartlett/Peter Bartlett Data/Testing_shift_fix/d0214r1p010200/GFP_mKO_mKa/cells_00082.txt, C:/Users/pcnba/Grant Brown's Lab Dropbox/Peter Bartlett/Peter Bartlett Data/Testing_shift_fix/d0214r1p010200/GFP_mKO_mKa/control_00082.png, C:/Users/pcnba/Grant Brown's Lab Dropbox/Peter Bartlett/Peter Bartlett Data/Testing_shift_fix/d0214r1p010200/GFP_mKO_mKa/mask_00082.mat, C:/Users/pcnba/Grant Brown's Lab Dropbox/Peter Bartlett/Peter Bartlett Data/Testing_shift_fix/d0214r1p010200/GFP_mKO_mKa/seeding_00082.png

RuleException:
CalledProcessError in file C:\Users\pcnba\Grant Brown's Lab Dropbox\Peter Bartlett\Peter Bartlett Data\Code\single_cell_reloc\snakemake_files\Snakefile, line 51:
Command 'cd C:\Users\pcnba\OneDrive\Desktop\Test\CellX_Win_g2_12_c2.12\CellX_c2.12 && C:\Users\pcnba\OneDrive\Desktop\Test\CellX_Win_g2_12_c2.12\CellX_c2.12\batchCellXWin.exe  C:/Users/pcnba/OneDrive/Desktop/Test/run_files/Param_01_Sep_21.xml -m series -s C:/Users/pcnba/OneDrive/Desktop/Test/run_files/file_series.xml -si 1 -sj 40' returned non-zero exit status 3221225786.
  File "C:\Users\pcnba\Grant Brown's Lab Dropbox\Peter Bartlett\Peter Bartlett Data\Code\single_cell_reloc\snakemake_files\Snakefile", line 51, in __rule_CellX
  File "C:\Users\pcnba\mambaforge\envs\pycellxworkflow\lib\concurrent\futures\thread.py", line 57, in run
RuleException:
CalledProcessError in file C:\Users\pcnba\Grant Brown's Lab Dropbox\Peter Bartlett\Peter Bartlett Data\Code\single_cell_reloc\snakemake_files\Snakefile, line 51:
Command 'cd C:\Users\pcnba\OneDrive\Desktop\Test\CellX_Win_g2_12_c2.12\CellX_c2.12 && C:\Users\pcnba\OneDrive\Desktop\Test\CellX_Win_g2_12_c2.12\CellX_c2.12\batchCellXWin.exe  C:/Users/pcnba/OneDrive/Desktop/Test/run_files/Param_01_Sep_21.xml -m series -s C:/Users/pcnba/OneDrive/Desktop/Test/run_files/file_series.xml -si 1 -sj 82' returned non-zero exit status 3221225786.
  File "C:\Users\pcnba\Grant Brown's Lab Dropbox\Peter Bartlett\Peter Bartlett Data\Code\single_cell_reloc\snakemake_files\Snakefile", line 51, in __rule_CellX
  File "C:\Users\pcnba\mambaforge\envs\pycellxworkflow\lib\concurrent\futures\thread.py", line 57, in run
[Sat May 20 18:31:13 2023]
Error in rule CellX:
    jobid: 27
    input: C:/Users/pcnba/OneDrive/Desktop/Test/run_files/Param_01_Sep_21.xml, C:/Users/pcnba/OneDrive/Desktop/Test/run_files/file_series.xml
    output: C:/Users/pcnba/Grant Brown's Lab Dropbox/Peter Bartlett/Peter Bartlett Data/Testing_shift_fix/d0214r1p010200/GFP_mKO_mKa/cells_00027.mat, C:/Users/pcnba/Grant Brown's Lab Dropbox/Peter Bartlett/Peter Bartlett Data/Testing_shift_fix/d0214r1p010200/GFP_mKO_mKa/cells_00027.txt, C:/Users/pcnba/Grant Brown's Lab Dropbox/Peter Bartlett/Peter Bartlett Data/Testing_shift_fix/d0214r1p010200/GFP_mKO_mKa/control_00027.png, C:/Users/pcnba/Grant Brown's Lab Dropbox/Peter Bartlett/Peter Bartlett Data/Testing_shift_fix/d0214r1p010200/GFP_mKO_mKa/mask_00027.mat, C:/Users/pcnba/Grant Brown's Lab Dropbox/Peter Bartlett/Peter Bartlett Data/Testing_shift_fix/d0214r1p010200/GFP_mKO_mKa/seeding_00027.png

RuleException:
CalledProcessError in file C:\Users\pcnba\Grant Brown's Lab Dropbox\Peter Bartlett\Peter Bartlett Data\Code\single_cell_reloc\snakemake_files\Snakefile, line 51:
Command 'cd C:\Users\pcnba\OneDrive\Desktop\Test\CellX_Win_g2_12_c2.12\CellX_c2.12 && C:\Users\pcnba\OneDrive\Desktop\Test\CellX_Win_g2_12_c2.12\CellX_c2.12\batchCellXWin.exe  C:/Users/pcnba/OneDrive/Desktop/Test/run_files/Param_01_Sep_21.xml -m series -s C:/Users/pcnba/OneDrive/Desktop/Test/run_files/file_series.xml -si 1 -sj 27' returned non-zero exit status 3221225786.
  File "C:\Users\pcnba\Grant Brown's Lab Dropbox\Peter Bartlett\Peter Bartlett Data\Code\single_cell_reloc\snakemake_files\Snakefile", line 51, in __rule_CellX
  File "C:\Users\pcnba\mambaforge\envs\pycellxworkflow\lib\concurrent\futures\thread.py", line 57, in run
Complete log: .snakemake\log\2023-05-20T183043.014367.snakemake.log
